[    0.000000] Initializing cgroup subsys cpuset
[    0.000000] Initializing cgroup subsys cpu
[    0.000000] Initializing cgroup subsys cpuacct
[    0.000000] Linux version 4.4.0-142-generic (buildd@lgw01-amd64-033) (gcc version 5.4.0 20160609 (Ubuntu 5.4.0-6ubuntu1~16.04.10) ) #168-Ubuntu SMP Wed Jan 16 21:00:45 UTC 2019 (Ubuntu 4.4.0-142.168-generic 4.4.167)
[    0.000000] Command line: BOOT_IMAGE=/boot/vmlinuz-4.4.0-142-generic root=LABEL=cloudimg-rootfs ro console=tty1 console=ttyS0
[    0.000000] KERNEL supported cpus:
[    0.000000]   Intel GenuineIntel
[    0.000000]   AMD AuthenticAMD
[    0.000000]   Centaur CentaurHauls
[    0.000000] x86/fpu: xstate_offset[2]:  576, xstate_sizes[2]:  256
[    0.000000] x86/fpu: Supporting XSAVE feature 0x01: 'x87 floating point registers'
[    0.000000] x86/fpu: Supporting XSAVE feature 0x02: 'SSE registers'
[    0.000000] x86/fpu: Supporting XSAVE feature 0x04: 'AVX registers'
[    0.000000] x86/fpu: Enabled xstate features 0x7, context size is 832 bytes, using 'standard' format.
[    0.000000] e820: BIOS-provided physical RAM map:
[    0.000000] BIOS-e820: [mem 0x0000000000000000-0x000000000009fbff] usable
[    0.000000] BIOS-e820: [mem 0x000000000009fc00-0x000000000009ffff] reserved
[    0.000000] BIOS-e820: [mem 0x00000000000f0000-0x00000000000fffff] reserved
[    0.000000] BIOS-e820: [mem 0x0000000000100000-0x000000003ffeffff] usable
[    0.000000] BIOS-e820: [mem 0x000000003fff0000-0x000000003fffffff] ACPI data
[    0.000000] BIOS-e820: [mem 0x00000000fec00000-0x00000000fec00fff] reserved
[    0.000000] BIOS-e820: [mem 0x00000000fee00000-0x00000000fee00fff] reserved
[    0.000000] BIOS-e820: [mem 0x00000000fffc0000-0x00000000ffffffff] reserved
[    0.000000] NX (Execute Disable) protection: active
[    0.000000] SMBIOS 2.5 present.
[    0.000000] Hypervisor detected: KVM
[    0.000000] e820: last_pfn = 0x3fff0 max_arch_pfn = 0x400000000
[    0.000000] MTRR: Disabled
[    0.000000] x86/PAT: MTRRs disabled, skipping PAT initialization too.
[    0.000000] CPU MTRRs all blank - virtualized system.
[    0.000000] x86/PAT: Configuration [0-7]: WB  WT  UC- UC  WB  WT  UC- UC  
[    0.000000] found SMP MP-table at [mem 0x0009fff0-0x0009ffff] mapped at [ffff88000009fff0]
[    0.000000] Scanning 1 areas for low memory corruption
[    0.000000] RAMDISK: [mem 0x36308000-0x3717bfff]
[    0.000000] ACPI: Early table checksum verification disabled
[    0.000000] ACPI: RSDP 0x00000000000E0000 000024 (v02 VBOX  )
[    0.000000] ACPI: XSDT 0x000000003FFF0030 00003C (v01 VBOX   VBOXXSDT 00000001 ASL  00000061)
[    0.000000] ACPI: FACP 0x000000003FFF00F0 0000F4 (v04 VBOX   VBOXFACP 00000001 ASL  00000061)
[    0.000000] ACPI: DSDT 0x000000003FFF0470 0022EA (v02 VBOX   VBOXBIOS 00000002 INTL 20100528)
[    0.000000] ACPI: FACS 0x000000003FFF0200 000040
[    0.000000] ACPI: FACS 0x000000003FFF0200 000040
[    0.000000] ACPI: APIC 0x000000003FFF0240 00005C (v02 VBOX   VBOXAPIC 00000001 ASL  00000061)
[    0.000000] ACPI: SSDT 0x000000003FFF02A0 0001CC (v01 VBOX   VBOXCPUT 00000002 INTL 20100528)
[    0.000000] No NUMA configuration found
[    0.000000] Faking a node at [mem 0x0000000000000000-0x000000003ffeffff]
[    0.000000] NODE_DATA(0) allocated [mem 0x3ffeb000-0x3ffeffff]
[    0.000000] kvm-clock: Using msrs 4b564d01 and 4b564d00
[    0.000000] kvm-clock: cpu 0, msr 0:3ffe3001, primary cpu clock
[    0.000000] kvm-clock: using sched offset of 4628269989 cycles
[    0.000000] clocksource: kvm-clock: mask: 0xffffffffffffffff max_cycles: 0x1cd42e4dffb, max_idle_ns: 881590591483 ns
[    0.000000] Zone ranges:
[    0.000000]   DMA      [mem 0x0000000000001000-0x0000000000ffffff]
[    0.000000]   DMA32    [mem 0x0000000001000000-0x000000003ffeffff]
[    0.000000]   Normal   empty
[    0.000000]   Device   empty
[    0.000000] Movable zone start for each node
[    0.000000] Early memory node ranges
[    0.000000]   node   0: [mem 0x0000000000001000-0x000000000009efff]
[    0.000000]   node   0: [mem 0x0000000000100000-0x000000003ffeffff]
[    0.000000] Initmem setup node 0 [mem 0x0000000000001000-0x000000003ffeffff]
[    0.000000] ACPI: PM-Timer IO Port: 0x4008
[    0.000000] IOAPIC[0]: apic_id 2, version 32, address 0xfec00000, GSI 0-23
[    0.000000] ACPI: INT_SRC_OVR (bus 0 bus_irq 0 global_irq 2 dfl dfl)
[    0.000000] ACPI: INT_SRC_OVR (bus 0 bus_irq 9 global_irq 9 low level)
[    0.000000] Using ACPI (MADT) for SMP configuration information
[    0.000000] smpboot: Allowing 2 CPUs, 0 hotplug CPUs
[    0.000000] PM: Registered nosave memory: [mem 0x00000000-0x00000fff]
[    0.000000] PM: Registered nosave memory: [mem 0x0009f000-0x0009ffff]
[    0.000000] PM: Registered nosave memory: [mem 0x000a0000-0x000effff]
[    0.000000] PM: Registered nosave memory: [mem 0x000f0000-0x000fffff]
[    0.000000] e820: [mem 0x40000000-0xfebfffff] available for PCI devices
[    0.000000] Booting paravirtualized kernel on KVM
[    0.000000] clocksource: refined-jiffies: mask: 0xffffffff max_cycles: 0xffffffff, max_idle_ns: 7645519600211568 ns
[    0.000000] setup_percpu: NR_CPUS:512 nr_cpumask_bits:512 nr_cpu_ids:2 nr_node_ids:1
[    0.000000] PERCPU: Embedded 34 pages/cpu @ffff88003fc00000 s99480 r8192 d31592 u1048576
[    0.000000] Built 1 zonelists in Node order, mobility grouping on.  Total pages: 257912
[    0.000000] Policy zone: DMA32
[    0.000000] Kernel command line: BOOT_IMAGE=/boot/vmlinuz-4.4.0-142-generic root=LABEL=cloudimg-rootfs ro console=tty1 console=ttyS0
[    0.000000] PID hash table entries: 4096 (order: 3, 32768 bytes)
[    0.000000] Memory: 997732K/1048120K available (8603K kernel code, 1332K rwdata, 4004K rodata, 1484K init, 1316K bss, 50388K reserved, 0K cma-reserved)
[    0.000000] SLUB: HWalign=64, Order=0-3, MinObjects=0, CPUs=2, Nodes=1
[    0.000000] Kernel/User page tables isolation: enabled
[    0.000000] Hierarchical RCU implementation.
[    0.000000] 	Build-time adjustment of leaf fanout to 64.
[    0.000000] 	RCU restricting CPUs from NR_CPUS=512 to nr_cpu_ids=2.
[    0.000000] RCU: Adjusting geometry for rcu_fanout_leaf=64, nr_cpu_ids=2
[    0.000000] NR_IRQS:33024 nr_irqs:440 16
[    0.000000] Console: colour VGA+ 80x25
[    0.000000] console [tty1] enabled
[    0.000000] console [ttyS0] enabled
[    0.000000] tsc: Detected 2699.998 MHz processor
[    0.273920] Calibrating delay loop (skipped) preset value.. 5399.99 BogoMIPS (lpj=10799992)
[    0.277791] pid_max: default: 32768 minimum: 301
[    0.279662] ACPI: Core revision 20150930
[    0.283188] ACPI: 2 ACPI AML tables successfully acquired and loaded
[    0.286106] Security Framework initialized
[    0.287792] Yama: becoming mindful.
[    0.289422] AppArmor: AppArmor initialized
[    0.290666] Dentry cache hash table entries: 131072 (order: 8, 1048576 bytes)
[    0.295008] Inode-cache hash table entries: 65536 (order: 7, 524288 bytes)
[    0.297179] Mount-cache hash table entries: 2048 (order: 2, 16384 bytes)
[    0.299401] Mountpoint-cache hash table entries: 2048 (order: 2, 16384 bytes)
[    0.302732] Initializing cgroup subsys io
[    0.304312] Initializing cgroup subsys memory
[    0.306558] Initializing cgroup subsys devices
[    0.308546] Initializing cgroup subsys freezer
[    0.310894] Initializing cgroup subsys net_cls
[    0.313291] Initializing cgroup subsys perf_event
[    0.315339] Initializing cgroup subsys net_prio
[    0.317753] Initializing cgroup subsys hugetlb
[    0.319354] Initializing cgroup subsys pids
[    0.324312] mce: CPU supports 0 MCE banks
[    0.325993] Last level iTLB entries: 4KB 64, 2MB 8, 4MB 8
[    0.328368] Last level dTLB entries: 4KB 64, 2MB 0, 4MB 0, 1GB 4
[    0.330769] Spectre V2 : Mitigation: Full generic retpoline
[    0.334193] Spectre V2 : Spectre v2 / SpectreRSB mitigation: Filling RSB on context switch
[    0.337338] Speculative Store Bypass: Vulnerable
[    0.345686] Freeing SMP alternatives memory: 32K
[    0.354320] ftrace: allocating 32277 entries in 127 pages
[    0.435611] smpboot: APIC(0) Converting physical 0 to logical package 0
[    0.438916] smpboot: Max logical packages: 1
[    0.440891] x2apic enabled
[    0.442269] Switched APIC routing to physical x2apic.
[    0.445355] ..TIMER: vector=0x30 apic1=0 pin1=2 apic2=-1 pin2=-1
[    0.568661] APIC calibration not consistent with PM-Timer: 112ms instead of 100ms
[    0.590839] APIC delta adjusted to PM-Timer: 6251833 (7042530)
[    0.611762] smpboot: CPU0: Intel(R) Core(TM) i5-5257U CPU @ 2.70GHz (family: 0x6, model: 0x3d, stepping: 0x4)
[    0.637988] Performance Events: unsupported p6 CPU model 61 no PMU driver, software events only.
[    0.679063] KVM setup paravirtual spinlock
[    0.705159] x86: Booting SMP configuration:
[    0.735836] .... node  #0, CPUs:      #1
[    0.804014] kvm-clock: cpu 1, msr 0:3ffe3041, secondary cpu clock
[    0.814712] mce: CPU supports 0 MCE banks
[    0.845223] x86: Booted up 1 node, 2 CPUs
[    0.864847] smpboot: Total of 2 processors activated (10799.99 BogoMIPS)
[    0.876701] devtmpfs: initialized
[    0.879880] evm: security.selinux
[    0.882394] evm: security.SMACK64
[    0.887349] evm: security.SMACK64EXEC
[    0.891865] evm: security.SMACK64TRANSMUTE
[    0.895170] evm: security.SMACK64MMAP
[    0.901533] evm: security.ima
[    0.906092] evm: security.capability
[    0.910051] clocksource: jiffies: mask: 0xffffffff max_cycles: 0xffffffff, max_idle_ns: 7645041785100000 ns
[    0.924274] futex hash table entries: 512 (order: 3, 32768 bytes)
[    0.929779] pinctrl core: initialized pinctrl subsystem
[    0.932777] RTC time: 11:02:30, date: 10/03/19
[    0.937692] NET: Registered protocol family 16
[    0.953760] cpuidle: using governor ladder
[    0.968462] cpuidle: using governor menu
[    0.978439] PCCT header not found.
[    0.979591] ACPI: bus type PCI registered
[    0.986217] acpiphp: ACPI Hot Plug PCI Controller Driver version: 0.5
[    0.996765] PCI: Using configuration type 1 for base access
[    1.013921] ACPI: Added _OSI(Module Device)
[    1.019542] ACPI: Added _OSI(Processor Device)
[    1.021978] ACPI: Added _OSI(3.0 _SCP Extensions)
[    1.029463] ACPI: Added _OSI(Processor Aggregator Device)
[    1.032273] ACPI: Executed 1 blocks of module-level executable AML code
[    1.047010] ACPI: Interpreter enabled
[    1.052055] ACPI: (supports S0 S5)
[    1.053414] ACPI: Using IOAPIC for interrupt routing
[    1.058669] PCI: Using host bridge windows from ACPI; if necessary, use "pci=nocrs" and report a bug
[    1.070283] ACPI: PCI Root Bridge [PCI0] (domain 0000 [bus 00-ff])
[    1.074283] acpi PNP0A03:00: _OSC: OS supports [ASPM ClockPM Segments MSI]
[    1.078466] acpi PNP0A03:00: _OSC: not requesting OS control; OS requires [ExtendedConfig ASPM ClockPM MSI]
[    1.087200] acpi PNP0A03:00: fail to add MMCONFIG information, can't access extended PCI configuration space under this bridge.
[    1.092426] PCI host bridge to bus 0000:00
[    1.097289] pci_bus 0000:00: root bus resource [io  0x0000-0x0cf7 window]
[    1.103138] pci_bus 0000:00: root bus resource [io  0x0d00-0xffff window]
[    1.105350] pci_bus 0000:00: root bus resource [mem 0x000a0000-0x000bffff window]
[    1.109370] pci_bus 0000:00: root bus resource [mem 0x40000000-0xfdffffff window]
[    1.112525] pci_bus 0000:00: root bus resource [bus 00-ff]
[    1.137876] pci 0000:00:01.1: legacy IDE quirk: reg 0x10: [io  0x01f0-0x01f7]
[    1.141613] pci 0000:00:01.1: legacy IDE quirk: reg 0x14: [io  0x03f6]
[    1.145287] pci 0000:00:01.1: legacy IDE quirk: reg 0x18: [io  0x0170-0x0177]
[    1.152554] pci 0000:00:01.1: legacy IDE quirk: reg 0x1c: [io  0x0376]
[    1.199038] pci 0000:00:07.0: quirk: [io  0x4000-0x403f] claimed by PIIX4 ACPI
[    1.210726] pci 0000:00:07.0: quirk: [io  0x4100-0x410f] claimed by PIIX4 SMB
[    1.222511] ACPI: PCI Interrupt Link [LNKA] (IRQs 5 9 10 *11)
[    1.234037] ACPI: PCI Interrupt Link [LNKB] (IRQs 5 9 *10 11)
[    1.243816] ACPI: PCI Interrupt Link [LNKC] (IRQs 5 *9 10 11)
[    1.252036] ACPI: PCI Interrupt Link [LNKD] (IRQs 5 9 10 *11)
[    1.263875] ACPI: Enabled 2 GPEs in block 00 to 07
[    1.265772] vgaarb: setting as boot device: PCI:0000:00:02.0
[    1.271906] vgaarb: device added: PCI:0000:00:02.0,decodes=io+mem,owns=io+mem,locks=none
[    1.275535] vgaarb: loaded
[    1.277103] vgaarb: bridge control possible 0000:00:02.0
[    1.283237] SCSI subsystem initialized
[    1.284548] ACPI: bus type USB registered
[    1.287663] usbcore: registered new interface driver usbfs
[    1.290837] usbcore: registered new interface driver hub
[    1.297348] usbcore: registered new device driver usb
[    1.304733] PCI: Using ACPI for IRQ routing
[    1.310995] NetLabel: Initializing
[    1.312481] NetLabel:  domain hash size = 128
[    1.313773] NetLabel:  protocols = UNLABELED CIPSOv4
[    1.315300] NetLabel:  unlabeled traffic allowed by default
[    1.328960] amd_nb: Cannot enumerate AMD northbridges
[    1.334169] clocksource: Switched to clocksource kvm-clock
[    1.351805] AppArmor: AppArmor Filesystem Enabled
[    1.362114] pnp: PnP ACPI init
[    1.365460] pnp: PnP ACPI: found 3 devices
[    1.389856] clocksource: acpi_pm: mask: 0xffffff max_cycles: 0xffffff, max_idle_ns: 2085701024 ns
[    1.392788] NET: Registered protocol family 2
[    1.394644] TCP established hash table entries: 8192 (order: 4, 65536 bytes)
[    1.398214] TCP bind hash table entries: 8192 (order: 5, 131072 bytes)
[    1.403662] TCP: Hash tables configured (established 8192 bind 8192)
[    1.452362] UDP hash table entries: 512 (order: 2, 16384 bytes)
[    1.459489] UDP-Lite hash table entries: 512 (order: 2, 16384 bytes)
[    1.463647] NET: Registered protocol family 1
[    1.465721] pci 0000:00:00.0: Limiting direct PCI/PCI transfers
[    1.469466] pci 0000:00:01.0: Activating ISA DMA hang workarounds
[    1.472925] Unpacking initramfs...
[    1.739144] Freeing initrd memory: 14800K
[    1.741441] RAPL PMU detected, API unit is 2^-32 Joules, 4 fixed counters 10737418240 ms ovfl timer
[    1.744102] hw unit of domain pp0-core 2^-0 Joules
[    1.745426] hw unit of domain package 2^-0 Joules
[    1.746953] hw unit of domain dram 2^-0 Joules
[    1.748898] hw unit of domain pp1-gpu 2^-0 Joules
[    1.756529] platform rtc_cmos: registered platform RTC device (no PNP device found)
[    1.763689] Scanning for low memory corruption every 60 seconds
[    1.767784] audit: initializing netlink subsys (disabled)
[    1.769848] audit: type=2000 audit(1570100557.002:1): initialized
[    1.772693] Initialise system trusted keyring
[    1.775741] HugeTLB registered 2 MB page size, pre-allocated 0 pages
[    1.780770] zbud: loaded
[    1.782792] VFS: Disk quotas dquot_6.6.0
[    1.784422] VFS: Dquot-cache hash table entries: 512 (order 0, 4096 bytes)
[    1.787350] squashfs: version 4.0 (2009/01/31) Phillip Lougher
[    1.790507] fuse init (API version 7.23)
[    1.792249] Key type big_key registered
[    1.793380] Allocating IMA MOK and blacklist keyrings.
[    1.796598] Key type asymmetric registered
[    1.798283] Asymmetric key parser 'x509' registered
[    1.800165] Block layer SCSI generic (bsg) driver version 0.4 loaded (major 249)
[    1.804781] io scheduler noop registered
[    1.810183] io scheduler deadline registered (default)
[    1.812607] io scheduler cfq registered
[    1.814547] pci_hotplug: PCI Hot Plug PCI Core version: 0.5
[    1.817217] pciehp: PCI Express Hot Plug Controller Driver version: 0.4
[    1.821982] ACPI: AC Adapter [AC] (on-line)
[    1.825193] input: Power Button as /devices/LNXSYSTM:00/LNXPWRBN:00/input/input0
[    1.830207] ACPI: Power Button [PWRF]
[    1.832874] input: Sleep Button as /devices/LNXSYSTM:00/LNXSLPBN:00/input/input1
[    1.837929] ACPI: Sleep Button [SLPF]
[    1.841073] GHES: HEST is not enabled!
[    1.845376] Serial: 8250/16550 driver, 32 ports, IRQ sharing enabled
[    1.847166] ACPI: Battery Slot [BAT0] (battery present)
hijklmnopqrstuvwxðñòóôõö÷øùúûüýþÿ[    1.881375] 00:02: ttyS0 at I/O 0x3f8 (irq = 4, base_baud = 115200) is a 16550A
[    1.897153] Linux agpgart interface v0.103
[    1.905173] loop: module loaded
[    1.912108] scsi host0: ata_piix
[    1.919233] scsi host1: ata_piix
[    1.925084] ata1: PATA max UDMA/33 cmd 0x1f0 ctl 0x3f6 bmdma 0xd000 irq 14
[    1.944324] ata2: PATA max UDMA/33 cmd 0x170 ctl 0x376 bmdma 0xd008 irq 15
[    1.968873] libphy: Fixed MDIO Bus: probed
[    1.985920] tun: Universal TUN/TAP device driver, 1.6
[    1.998377] tun: (C) 1999-2004 Max Krasnyansky <maxk@qualcomm.com>
[    2.008545] PPP generic driver version 2.4.2
[    2.012710] ehci_hcd: USB 2.0 'Enhanced' Host Controller (EHCI) Driver
[    2.023915] ehci-pci: EHCI PCI platform driver
[    2.029724] ehci-platform: EHCI generic platform driver
[    2.039830] ohci_hcd: USB 1.1 'Open' Host Controller (OHCI) Driver
[    2.050652] ohci-pci: OHCI PCI platform driver
[    2.061334] ohci-platform: OHCI generic platform driver
[    2.077286] uhci_hcd: USB Universal Host Controller Interface driver
[    2.087316] i8042: PNP: PS/2 Controller [PNP0303:PS2K,PNP0f03:PS2M] at 0x60,0x64 irq 1,12
[    2.095294] serio: i8042 KBD port at 0x60,0x64 irq 1
[    2.097450] serio: i8042 AUX port at 0x60,0x64 irq 12
[    2.099372] mousedev: PS/2 mouse device common for all mice
[    2.102804] rtc_cmos rtc_cmos: rtc core: registered rtc_cmos as rtc0
[    2.105061] rtc_cmos rtc_cmos: alarms up to one day, 114 bytes nvram
[    2.108640] input: AT Translated Set 2 keyboard as /devices/platform/i8042/serio0/input/input2
[    2.114051] i2c /dev entries driver
[    2.117704] device-mapper: uevent: version 1.0.3
[    2.120767] device-mapper: ioctl: 4.34.0-ioctl (2015-10-28) initialised: dm-devel@redhat.com
[    2.127451] ledtrig-cpu: registered to indicate activity on CPUs
[    2.130405] NET: Registered protocol family 10
[    2.133806] NET: Registered protocol family 17
[    2.135185] Key type dns_resolver registered
[    2.137760] registered taskstats version 1
[    2.140397] Loading compiled-in X.509 certificates
[    2.143852] Loaded X.509 cert 'Build time autogenerated kernel key: bff73e56bc0efa7435b2a24f5427674623f1be80'
[    2.149398] zswap: loaded using pool lzo/zbud
[    2.160392] Key type trusted registered
[    2.169853] Key type encrypted registered
[    2.178024] AppArmor: AppArmor sha1 policy hashing enabled
[    2.180451] ima: No TPM chip found, activating TPM-bypass!
[    2.194281] ima: Allocated hash algorithm: sha1
[    2.196216] evm: HMAC attrs: 0x1
[    2.201672]   Magic number: 7:376:23
[    2.209534] rtc_cmos rtc_cmos: setting system clock to 2019-10-03 11:02:31 UTC (1570100551)
[    2.213433] BIOS EDD facility v0.16 2004-Jun-25, 0 devices found
[    2.219113] EDD information not available.
[    2.222449] Freeing unused kernel memory: 1484K
[    2.238845] Write protecting the kernel read-only data: 14336k
[    2.244965] Freeing unused kernel memory: 1624K
[    2.247843] Freeing unused kernel memory: 92K
Loading, please wait...
starting version 229
[    2.279913] random: udevadm: uninitialized urandom read (16 bytes read, 3 bits of entropy available)
[    2.280576] random: systemd-udevd: uninitialized urandom read (16 bytes read, 3 bits of entropy available)
[    2.280672] random: systemd-udevd: uninitialized urandom read (16 bytes read, 3 bits of entropy available)
[    2.280688] random: systemd-udevd: uninitialized urandom read (16 bytes read, 3 bits of entropy available)
[    2.280706] random: systemd-udevd: uninitialized urandom read (16 bytes read, 3 bits of entropy available)
[    2.312996] random: udevadm: uninitialized urandom read (16 bytes read, 3 bits of entropy available)
[    2.330852] random: systemd-udevd: uninitialized urandom read (16 bytes read, 3 bits of entropy available)
[    2.335769] random: udevadm: uninitialized urandom read (16 bytes read, 3 bits of entropy available)
[    2.335824] random: udevadm: uninitialized urandom read (16 bytes read, 3 bits of entropy available)
[    2.336098] random: udevadm: uninitialized urandom read (16 bytes read, 3 bits of entropy available)
[    2.412136] e1000: Intel(R) PRO/1000 Network Driver - version 7.3.21-k8-NAPI
[    2.420350] e1000: Copyright (c) 1999-2006 Intel Corporation.
[    2.427544] Fusion MPT base driver 3.04.20
[    2.436136] Copyright (c) 1999-2008 LSI Corporation
[    2.448412] Fusion MPT SPI Host driver 3.04.20
[    2.482336] AVX2 version of gcm_enc/dec engaged.
[    2.485633] AES CTR mode by8 optimization enabled
[    2.649190] input: ImExPS/2 Generic Explorer Mouse as /devices/platform/i8042/serio1/input/input4
[    2.979238] e1000 0000:00:03.0 eth0: (PCI:33MHz:32-bit) 02:3e:59:1c:26:9a
[    2.981142] e1000 0000:00:03.0 eth0: Intel(R) PRO/1000 Network Connection
[    2.985332] e1000 0000:00:03.0 enp0s3: renamed from eth0
[    2.987284] mptbase: ioc0: Initiating bringup
[    3.058597] ioc0: LSI53C1030 A0: Capabilities={Initiator}
[    3.814225] tsc: Refined TSC clocksource calibration: 2699.249 MHz
[    3.816374] clocksource: tsc: mask: 0xffffffffffffffff max_cycles: 0x26e878cc1b5, max_idle_ns: 440795263863 ns
[    3.862840] scsi host2: ioc0: LSI53C1030 A0, FwRev=00000000h, Ports=1, MaxQ=256, IRQ=20
[    4.610943] scsi 2:0:0:0: Direct-Access     VBOX     HARDDISK         1.0  PQ: 0 ANSI: 5
[    4.613303] scsi target2:0:0: Beginning Domain Validation
[    4.617668] scsi target2:0:0: Domain Validation skipping write tests
[    4.619809] scsi target2:0:0: Ending Domain Validation
[    4.632732] scsi target2:0:0: asynchronous
[    4.635222] scsi 2:0:1:0: Direct-Access     VBOX     HARDDISK         1.0  PQ: 0 ANSI: 5
[    4.638209] scsi target2:0:1: Beginning Domain Validation
[    4.640987] scsi target2:0:1: Domain Validation skipping write tests
[    4.643904] scsi target2:0:1: Ending Domain Validation
[    4.646007] scsi target2:0:1: asynchronous
[    4.654732] sd 2:0:0:0: Attached scsi generic sg0 type 0
[    4.656865] sd 2:0:0:0: [sda] 20971520 512-byte logical blocks: (10.7 GB/10.0 GiB)
[    4.660672] sd 2:0:1:0: Attached scsi generic sg1 type 0
[    4.662551] sd 2:0:1:0: [sdb] 20480 512-byte logical blocks: (10.5 MB/10.0 MiB)
[    4.664890] sd 2:0:0:0: [sda] Write Protect is off
[    4.665077] sd 2:0:1:0: [sdb] Write Protect is off
[    4.665253] sd 2:0:1:0: [sdb] Incomplete mode parameter data
[    4.665255] sd 2:0:1:0: [sdb] Assuming drive cache: write through
[    4.669277] sd 2:0:1:0: [sdb] Attached SCSI disk
[    4.678077] sd 2:0:0:0: [sda] Incomplete mode parameter data
[    4.680184] sd 2:0:0:0: [sda] Assuming drive cache: write through
[    4.684631]  sda: sda1
[    4.687475] sd 2:0:0:0: [sda] Attached SCSI disk
Begin: Loading essential drivers ... [    6.080920] md: linear personality registered for level -1
[    6.086449] md: multipath personality registered for level -4
[    6.092256] md: raid0 personality registered for level 0
[    6.101268] md: raid1 personality registered for level 1
[    6.174249] raid6: sse2x1   gen()  7947 MB/s
[    6.242517] raid6: sse2x1   xor()  6305 MB/s
[    6.314342] raid6: sse2x2   gen()  7027 MB/s
[    6.382290] raid6: sse2x2   xor()  5688 MB/s
[    6.450900] raid6: sse2x4   gen()  9431 MB/s
[    6.518757] raid6: sse2x4   xor()  7361 MB/s
[    6.590812] raid6: avx2x1   gen()  6261 MB/s
[    6.674442] raid6: avx2x2   gen()  8007 MB/s
[    6.742466] raid6: avx2x4   gen()  6569 MB/s
[    6.748306] raid6: using algorithm sse2x4 gen() 9431 MB/s
[    6.753672] raid6: .... xor() 7361 MB/s, rmw enabled
[    6.757907] raid6: using avx2x2 recovery algorithm
[    6.774210] xor: automatically using best checksumming function:
[    6.818846]    avx       : 17987.000 MB/sec
[    6.832134] async_tx: api initialized (async)
[    6.909418] md: raid6 personality registered for level 6
[    6.918094] md: raid5 personality registered for level 5
[    6.924256] md: raid4 personality registered for level 4
[    6.948210] md: raid10 personality registered for level 10
done.
Begin: Running /scripts/init-premount ... done.
Begin: Mounting root file system ... Begin: Running /scripts/local-top ... done.
Begin: Running /scripts/local-premount ... [    7.025281] Btrfs loaded
Scanning for Btrfs filesystems
done.
Warning: fsck not present, so skipping root file system
[    7.073894] EXT4-fs (sda1): INFO: recovery required on readonly filesystem
[    7.076950] EXT4-fs (sda1): write access will be enabled during recovery
[    7.178038] EXT4-fs (sda1): recovery complete
[    7.180708] EXT4-fs (sda1): mounted filesystem with ordered data mode. Opts: (null)
done.
Begin: Running /scripts/local-bottom ... done.
Begin: Running /scripts/init-bottom ... done.
[    7.377381] systemd[1]: systemd 229 running in system mode. (+PAM +AUDIT +SELINUX +IMA +APPARMOR +SMACK +SYSVINIT +UTMP +LIBCRYPTSETUP +GCRYPT +GNUTLS +ACL +XZ -LZ4 +SECCOMP +BLKID +ELFUTILS +KMOD -IDN)
[    7.387329] systemd[1]: Detected virtualization oracle.
[    7.389849] systemd[1]: Detected architecture x86-64.

Welcome to [1mUbuntu 16.04.5 LTS[0m!

[    7.399209] systemd[1]: Set hostname to <ubuntu-xenial>.
[    7.704885] systemd[1]: Reached target Encrypted Volumes.
[[0;32m  OK  [0m] Reached target Encrypted Volumes.
[    7.709182] systemd[1]: Reached target User and Group Name Lookups.
[[0;32m  OK  [0m] Reached target User and Group Name Lookups.
[    7.714734] systemd[1]: Listening on Device-mapper event daemon FIFOs.
[[0;32m  OK  [0m] Listening on Device-mapper event daemon FIFOs.
[    7.720151] systemd[1]: Started Trigger resolvconf update for networkd DNS.
[[0;32m  OK  [0m] Started Trigger resolvconf update for networkd DNS.
[    7.724492] systemd[1]: Listening on LVM2 poll daemon socket.
[[0;32m  OK  [0m] Listening on LVM2 poll daemon socket.
[    7.729275] systemd[1]: Reached target System Time Synchronized.
[[0;32m  OK  [0m] Reached target System Time Synchronized.
[    7.734484] systemd[1]: Listening on udev Control Socket.
[[0;32m  OK  [0m] Listening on udev Control Socket.
[    7.739136] systemd[1]: Listening on Journal Socket.
[[0;32m  OK  [0m] Listening on Journal Socket.
[    7.744134] systemd[1]: Created slice User and Session Slice.
[[0;32m  OK  [0m] Created slice User and Session Slice.
[    7.754312] systemd[1]: Listening on /dev/initctl Compatibility Named Pipe.
[[0;32m  OK  [0m] Listening on /dev/initctl Compatibility Named Pipe.
[    7.766709] systemd[1]: Listening on Journal Audit Socket.
[[0;32m  OK  [0m] Listening on Journal Audit Socket.
[    7.772535] systemd[1]: Listening on udev Kernel Socket.
[[0;32m  OK  [0m] Listening on udev Kernel Socket.
[    7.779213] systemd[1]: Reached target Swap.
[[0;32m  OK  [0m] Reached target Swap.
[    7.784390] systemd[1]: Listening on LVM2 metadata daemon socket.
[[0;32m  OK  [0m] Listening on LVM2 metadata daemon socket.
[    7.790181] systemd[1]: Listening on Journal Socket (/dev/log).
[[0;32m  OK  [0m] Listening on Journal Socket (/dev/log).
[    7.796667] systemd[1]: Set up automount Arbitrary Executable File Formats File System Automount Point.
[[0;32m  OK  [0m] Set up automount Arbitrary Executab...ats File System Automount Point.
[    7.808741] systemd[1]: Created slice System Slice.
[[0;32m  OK  [0m] Created slice System Slice.
[    7.831642] systemd[1]: Starting Uncomplicated firewall...
         Starting Uncomplicated firewall...
[    7.838124] systemd[1]: Reached target Slices.
[[0;32m  OK  [0m] Reached target Slices.
[    7.844675] systemd[1]: Mounting Huge Pages File System...
         Mounting Huge Pages File System...
[    7.856768] systemd[1]: Starting Remount Root and Kernel File Systems...
         Starting Remount Root and Kernel File Systems...
[    7.870462] systemd[1]: Starting Monitoring of LVM2 mirrors, snapshots etc. using dmeventd or progress polling...
         Starting Monitoring of LVM2 mirrors... dmeventd or progress polling...
[    7.884185] EXT4-fs (sda1): re-mounted. Opts: (null)
[    7.887906] systemd[1]: Starting Create list of required static device nodes for the current kernel...
         Starting Create list of required st... nodes for the current kernel...
[    7.900155] systemd[1]: Mounting POSIX Message Queue File System...
         Mounting POSIX Message Queue File System...
[    7.906994] systemd[1]: Created slice system-serial\x2dgetty.slice.
[[0;32m  OK  [0m] Created slice system-serial\x2dgetty.slice.
[    7.918078] systemd[1]: Mounting Debug File System...
         Mounting Debug File System...
[    7.928178] systemd[1]: Starting Load Kernel Modules...
         Starting Load Kernel Modules...
[    7.934061] systemd[1]: Started Forward Password Requests to Wall Directory Watch.
[[0;32m  OK  [0m] Started Forward Password Requests to Wall Directory Watch.
[    7.943409] systemd[1]: Listening on Syslog Socket.
[[0;32m  OK  [0m] Listening on Syslog Socket.
[    7.952693] Loading iSCSI transport class v2.0-870.
[    7.959468] systemd[1]: Starting Journal Service...
         Starting Journal Service...
[    7.968150] systemd[1]: Starting Nameserver information manager...
         Starting Nameserver information manager...
[    7.975959] systemd[1]: Starting Set console keymap...
         Starting Set console keymap...
[    7.985294] systemd[1]: Mounted Debug File System.
[[0;32m  OK  [0m] Mounted Debug File System.
[    7.992892] systemd[1]: Mounted Huge Pages File System.
[[0;32m  OK  [0m] Mounted Huge Pages File System.

    8.001395] iscsi: registered transport (tcp)
[    8.002499] systemd[1]: Mounted POSIX Message Queue File System.
[[0;32m  OK  [0m] Mounted POSIX Message Queue File System.
[    8.019722] systemd[1]: Started Uncomplicated firewall.
[[0;32m  OK  [0m] Started Uncomplicated firewall.
[    8.038570] systemd[1]: Started Remount Root and Kernel File Systems.
[[0;32m  OK  [0m] Started Remount Root and Kernel File Systems.
[    8.045251] systemd[1]: Started Create list of required static device nodes for the current kernel.
[[0;32m  OK  [0m] Started Create list of required sta...ce nodes for the current kernel.
[    8.089324] systemd[1]: Started Journal Service.
[[0;32m  OK  [0m] Started Journal Service.
[[0;32m  OK  [0m] Started Nameserver information manager.
[    8.122871] random: nonblocking pool is initialized
[[0;32m  OK  [0m] Started Set console keymap.
[    8.140871] iscsi: registered transport (iser)
[[0;32m  OK  [0m] Started Load Kernel Modules.
         Mounting FUSE Control File System...
         Starting Apply Kernel Variables...
[[0;32m  OK  [0m] Started LVM2 metadata daemon.
         Starting Create Static Device Nodes in /dev...
         Starting udev Coldplug all Devices...
         Starting Load/Save Random Seed...
         Starting Flush Journal to Persistent Storage...
[[0;32m  OK  [0m] Mounted FUSE Control File System.
[[0;32m  OK  [0m] Started Apply Kernel Variables.
[[0;32m  OK  [0m] Started Load/Save Random Seed.
[[0;32m  OK  [0m] Started Create Static Device Nodes in /dev.
[[0;32m  OK  [0m] Started Flush Journal to Persistent Storage.
[[0;32m  OK  [0m] Started udev Coldplug all Devices.
         Starting udev Kernel Device Manager...
[[0;32m  OK  [0m] Started udev Kernel Device Manager.
[[0;32m  OK  [0m] Started Dispatch Password Requests to Console Directory Watch.
[[0;32m  OK  [0m] Started Monitoring of LVM2 mirrors,...ng dmeventd or progress polling.
[[0;32m  OK  [0m] Reached target Local File Systems (Pre).
[[0;32m  OK  [0m] Reached target Local File Systems.
         Starting Tell Plymouth To Write Out Runtime Data...
         Starting Set console font and keymap...
         Starting Initial cloud-init job (pre-networking)...
         Starting LSB: AppArmor initialization...
         Starting Create Volatile Files and Directories...
[[0;32m  OK  [0m] Started Tell Plymouth To Write Out Runtime Data.
[[0;32m  OK  [0m] Started Create Volatile Files and Directories.
         Starting Update UTMP about System Boot/Shutdown...
[[0;32m  OK  [0m] Started Update UTMP about System Boot/Shutdown.
[[0;32m  OK  [0m] Found device /dev/ttyS0.
[[0;32m  OK  [0m] Started LSB: AppArmor initialization.
[[0;32m  OK  [0m] Listening on Load/Save RF Kill Switch Status /dev/rfkill Watch.
[[0;32m  OK  [0m] Found device 82540EM Gigabit Ethern...r (PRO/1000 MT Desktop Adapter).
[[0;32m  OK  [0m] Started Set console font and keymap.
[[0;32m  OK  [0m] Created slice system-getty.slice.
[   10.147816] cloud-init[492]: Cloud-init v. 18.4-0ubuntu1~16.04.2 running 'init-local' at Thu, 03 Oct 2019 11:02:39 +0000. Up 9.60 seconds.
[[0;32m  OK  [0m] Started Initial cloud-init job (pre-networking).
[[0;32m  OK  [0m] Reached target Network (Pre).
         Starting Raise network interfaces...
[[0;32m  OK  [0m] Started ifup for enp0s3.
[[0;1;31mFAILED[0m] Failed to start Raise network interfaces.
See 'systemctl status networking.service' for details.
[[0;32m  OK  [0m] Reached target Network.
         Starting Initial cloud-init job (metadata service crawler)...
[   12.378437] cloud-init[994]: Cloud-init v. 18.4-0ubuntu1~16.04.2 running 'init' at Thu, 03 Oct 2019 11:02:41 +0000. Up 11.56 seconds.
[   12.386387] cloud-init[994]: ci-info: ++++++++++++++++++++++++++++++++++++++Net device info++++++++++++++++++++++++++++++++++++++
[   12.392563] cloud-init[994]: ci-info: +--------+------+----------------------------+---------------+--------+-------------------+
[   12.399594] cloud-init[994]: ci-info: | Device |  Up  |          Address           |      Mask     | Scope  |     Hw-Address    |
[   12.407129] cloud-init[994]: ci-info: +--------+------+----------------------------+---------------+--------+-------------------+
[   12.415086] cloud-init[994]: ci-info: | enp0s3 | True |         10.0.2.15          | 255.255.255.0 | global | 02:3e:59:1c:26:9a |
[   12.420422] cloud-init[994]: ci-info: | enp0s3 | True | fe80::3e:59ff:fe1c:269a/64 |       .       |  link  | 02:3e:59:1c:26:9a |
[   12.427233] cloud-init[994]: ci-info: |   lo   | True |         127.0.0.1          |   255.0.0.0   |  host  |         .         |
[   12.432512] cloud-init[994]: ci-info: |   lo   | True |          ::1/128           |       .       |  host  |         .         |
[   12.437613] cloud-init[994]: ci-info: +--------+------+----------------------------+---------------+--------+-------------------+
[   12.444164] cloud-init[994]: ci-info: +++++++++++++++++++++++++++Route IPv4 info++++++++++++++++++++++++++++
[   12.448360] cloud-init[994]: ci-info: +-------+-------------+----------+---------------+-----------+-------+
[   12.453484] cloud-init[994]: ci-info: | Route | Destination | Gateway  |    Genmask    | Interface | Flags |
[   12.458053] cloud-init[994]: ci-info: +-------+-------------+----------+---------------+-----------+-------+
[   12.462811] cloud-init[994]: ci-info: |   0   |   0.0.0.0   | 10.0.2.2 |    0.0.0.0    |   enp0s3  |   UG  |
[   12.468355] cloud-init[994]: ci-info: |   1   |   10.0.2.0  | 0.0.0.0  | 255.255.255.0 |   enp0s3  |   U   |
[   12.473041] cloud-init[994]: ci-info: +-------+-------------+----------+---------------+-----------+-------+
[   12.477881] cloud-init[994]: ci-info: +++++++++++++++++++Route IPv6 info+++++++++++++++++++
[   12.482548] cloud-init[994]: ci-info: +-------+-------------+---------+-----------+-------+
[   12.486640] cloud-init[994]: ci-info: | Route | Destination | Gateway | Interface | Flags |[[0;32m  OK  [0m] Started Initial cloud-init job (metadata service crawler).
[[0;32m  OK  [0m] Reached target Cloud-config availability.
[[0;32m  OK  [0m] Reached target Network is Online.

[   12.498544] cloud-init[994]: ci-info: +-------+-------------+---------+-----------+-------+
[   12.503192] cloud-init[994]: ci-info: |   0   |  fe80::/64  |    ::   |   enp0s3  |   U   |
[   12.510876]          Starting iSCSI initiator daemon (iscsid)...
cloud-init[[0;32m  OK  [0m] Reached target System Initialization.
[994]: [[0;32m  OK  [0m] Listening on D-Bus System Message Bus Socket.
ci-info: |   4   |   ff00::/8  |    ::   |   enp0s3  |   U   |[[0;32m  OK  [0m] Listening on UUID daemon activation socket.

[[0;32m  OK  [0m] Listening on ACPID Listen Socket.
[[0;32m  OK  [0m] Started Daily Cleanup of Temporary Directories.
[   12.533529] cloud-init[994]: ci-info: +-------+-------------+---------+-----------+-------+
[[0;32m  OK  [0m] Started ACPI Events Check.
[[0;32m  OK  [0m] Reached target Paths.
[[0;32m  OK  [0m] Started Daily apt download activities.
[[0;32m  OK  [0m] Started Daily apt upgrade and clean activities.
[[0;32m  OK  [0m] Reached target Timers.
         Starting Socket activation for snappy daemon.
         Starting LXD - unix socket.
[[0;32m  OK  [0m] Listening on Socket activation for snappy daemon.
[[0;32m  OK  [0m] Listening on LXD - unix socket.
[[0;32m  OK  [0m] Started iSCSI initiator daemon (iscsid).
         Starting Login to default iSCSI targets...
[[0;32m  OK  [0m] Reached target Sockets.
[[0;32m  OK  [0m] Reached target Basic System.
         Starting Login Service...
         Starting LSB: Record successful boot for GRUB...
         Starting Snappy daemon...
         Starting Accounts Service...
[[0;32m  OK  [0m] Started D-Bus System Message Bus.
         Starting /etc/rc.local Compatibility...
         Starting Virtualbox guest utils...
[[0;32m  OK  [0m] Started Regular background program processing daemon.
         Starting LXD - container startup/shutdown...
         Starting LSB: MD monitoring daemon...
         Starting OpenBSD Secure Shell server...
[[0;32m  OK  [0m] Started ACPI event daemon.
[[0;32m  OK  [0m] Started Deferred execution scheduler.
[[0;32m  OK  [0m] Started FUSE filesystem for LXC.
         Starting System Logging Service...
[[0;32m  OK  [0m] Started Unattended Upgrades Shutdown.
[[0;32m  OK  [0m] Started /etc/rc.local Compatibility.
[[0;32m  OK  [0m] Started System Logging Service.
[[0;32m  OK  [0m] Started OpenBSD Secure Shell server.
[[0;32m  OK  [0m] Started LSB: Record successful boot for GRUB.
[[0;32m  OK  [0m] Started Login to default iSCSI targets.
[[0;32m  OK  [0m] Started LSB: MD monitoring daemon.
[[0;32m  OK  [0m] Started LXD - container startup/shutdown.
[[0;32m  OK  [0m] Started Snappy daemon.
[[0;32m  OK  [0m] Started Login Service.
         Starting Wait until snapd is fully seeded...
         Starting Authenticate and Authorize Users to Run Privileged Tasks...
[[0;32m  OK  [0m] Reached target Remote File Systems (Pre).
[[0;32m  OK  [0m] Reached target Remote File Systems.
         Starting Permit User Sessions...
         Starting LSB: Set the CPU Frequency Scaling governor to "ondemand"...
         Starting LSB: daemon to balance interrupts for SMP systems...
         Starting LSB: automatic crash report generation...
[[0;32m  OK  [0m] Started Virtualbox guest utils.
[[0;32m  OK  [0m] Started Permit User Sessions.
[[0;32m  OK  [0m] Started Wait until snapd is fully seeded.
[[0;32m  OK  [0m] Started Authenticate and Authorize Users to Run Privileged Tasks.
[[0;32m  OK  [0m] Started Accounts Service.
         Starting Apply the settings specified in cloud-config...
         Starting Hold until boot process finishes up...
         Starting Terminate Plymouth Boot Screen...
[[0;32m  OK  [0m] Started LSB: Set the CPU Frequency Scaling governor to "ondemand".
[[0;32m  OK  [0m] Started LSB: daemon to balance interrupts for SMP systems.
[[0;32m  OK  [0m] Started LSB: automatic crash report generation.
[[0;32m  OK  [0m] Started Hold until boot process finishes up.
[[0;32m  OK  [0m] Started Terminate Plymouth Boot Screen.
[[0;32m  OK  [0m] Created slice User Slice of vagrant.
[[0;32m  OK  [0m] Started Session 1 of user vagrant.
         Starting User Manager for UID 1000...
         Starting Set console scheme...
[[0;32m  OK  [0m] Started Serial Getty on ttyS0.
[[0;32m  OK  [0m] Started Getty on tty1.
[[0;32m  OK  [0m] Reached target Login Prompts.
[[0;32m  OK  [0m] Reached target Multi-User System.
[[0;32m  OK  [0m] Reached target Graphical Interface.
         Starting Update UTMP about System Runlevel Changes...
[[0;32m  OK  [0m] Started User Manager for UID 1000.
[[0;32m  OK  [0m] Started Set console scheme.
[[0;32m  OK  [0m] Started Update UTMP about System Runlevel Changes.
[   15.091447] cloud-init[1208]: Cloud-init v. 18.4-0ubuntu1~16.04.2 running 'modules:config' at Thu, 03 Oct 2019 11:02:44 +0000. Up 14.80 seconds.
[[0;32m  OK  [0m] Started Apply the settings specified in cloud-config.
         Starting Execute cloud user/final scripts...
[   16.459031] cloud-init[1322]: Cloud-init v. 18.4-0ubuntu1~16.04.2 running 'modules:final' at Thu, 03 Oct 2019 11:02:46 +0000. Up 16.31 seconds.
[   16.464050] cloud-init[1322]: Cloud-init v. 18.4-0ubuntu1~16.04.2 finished at Thu, 03 Oct 2019 11:02:46 +0000. Datasource DataSourceNoCloud [seed=/dev/sdb][dsmode=net].  Up 16.45 seconds
[[0;32m  OK  [0m] Started Execute cloud user/final scripts.
         Starting Daily apt download activities...
[[0;32m  OK  [0m] Reached target Cloud-init target.

Ubuntu 16.04.5 LTS ubuntu-xenial ttyS0

ubuntu-xenial login: [[0;32m  OK  [0m] Started ACPI event daemon.
[[0;32m  OK  [0m] Started ACPI event daemon.
[[0;32m  OK  [0m] Started ACPI event daemon.
[[0;32m  OK  [0m] Started ACPI event daemon.
[[0;32m  OK  [0m] Started ACPI event daemon.
[  OK  ] Started ACPI event daemon.
[  OK  ] Started Trigger resolvconf update for networkd DNS.
[  OK  ] Started ACPI event daemon.
[  OK  ] Started ACPI event daemon.
[  OK  ] Started ACPI event daemon.
[  OK  ] Started ACPI event daemon.
[  OK  ] Started ACPI event daemon.
[  OK  ] Stopped Auto import assertions from block devices.
[  OK  ] Stopped Automatically repair incorr...ner/permissions on core devices.
[  OK  ] Stopped Ubuntu core (all-snaps) system shutdown helper setup service.
[  OK  ] Stopped Automatically fetch and run repair assertions.
[  OK  ] Stopped Timer to automatically fetch and run repair assertions.
[  OK  ] Stopped Wait until snapd is fully seeded.
         Stopping Snappy daemon...
[  OK  ] Stopped Snappy daemon.
[  OK  ] Closed Socket activation for snappy daemon.
[  OK  ] Started ACPI event daemon.
[  OK  ] Started ACPI event daemon.
[  OK  ] Closed Unix socket for apport crash forwarding.
[  OK  ] Started ACPI event daemon.
         Stopping LSB: automatic crash report generation...
[  OK  ] Stopped LSB: automatic crash report generation.
[  OK  ] Started ACPI event daemon.
[  OK  ] Started ACPI event daemon.
[  OK  ] Started ACPI event daemon.
[  OK  ] Started ACPI event daemon.
[  OK  ] Started ACPI event daemon.
[  OK  ] Stopped target Sockets.
         Stopping Sockets.
         Starting Socket activation for snappy daemon.
[  OK  ] Listening on Socket activation for snappy daemon.
[  OK  ] Reached target Sockets.
[  OK  ] Started ACPI event daemon.
[  OK  ] Started ACPI event daemon.
         Stopping udev Kernel Device Manager...
[  OK  ] Stopped udev Kernel Device Manager.
         Starting udev Kernel Device Manager...
[  OK  ] Started udev Kernel Device Manager.
[  OK  ] Started ACPI event daemon.
[  OK  ] Started ACPI event daemon.
[  OK  ] Started ACPI event daemon.
[  OK  ] Started ACPI event daemon.
         Stopping OpenBSD Secure Shell server...
[  OK  ] Stopped OpenBSD Secure Shell server.
         Starting OpenBSD Secure Shell server...
[  OK  ] Started OpenBSD Secure Shell server.
[  OK  ] Started ACPI event daemon.
         Starting Wait until snapd is fully seeded...
         Starting Snappy daemon...
[  OK  ] Started Snappy daemon.
[  OK  ] Started Wait until snapd is fully seeded.
[  OK  ] Started Snappy daemon.
[  OK  ] Listening on Socket activation for snappy daemon.
[  OK  ] Started ACPI event daemon.
[  OK  ] Started ACPI event daemon.
         Starting LSB: automatic crash report generation...
[  OK  ] Started LSB: automatic crash report generation.
[  OK  ] Started ACPI event daemon.
[  OK  ] Started ACPI event daemon.
[  OK  ] Started ACPI event daemon.
         Stopping Authenticate and Authorize Users to Run Privileged Tasks...
[  OK  ] Stopped Authenticate and Authorize Users to Run Privileged Tasks.
         Starting Authenticate and Authorize Users to Run Privileged Tasks...
[  OK  ] Started Authenticate and Authorize Users to Run Privileged Tasks.
[  OK  ] Started Daily apt upgrade and clean activities.
